============================= test session starts =============================
platform win32 -- Python 3.14.3, pytest-9.0.2, pluggy-1.6.0 -- C:\Users\MASTER\AppData\Local\Programs\Python\Python314\python.exe
cachedir: .pytest_cache
rootdir: C:\Users\MASTER\OneDrive\Projetos\Gits\maisevplus_webscraping
plugins: anyio-4.13.0, asyncio-1.3.0
asyncio: mode=Mode.STRICT, debug=False, asyncio_default_fixture_loop_scope=None, asyncio_default_test_loop_scope=function
collecting ... collected 1 item

src/tests/test_integration_t05_t06_t07.py::test_full_pipeline_cross_integration FAILED [100%]

================================== FAILURES ===================================
____________________ test_full_pipeline_cross_integration _____________________

    @pytest.mark.asyncio
    async def test_full_pipeline_cross_integration():
        """
        Roda os 3 coletores nativos usando Mocks de payloads para atestar que
        as 3 chaves nao duplicam e respeitam o Multi-Source.
        """
>       db_pool = await get_pool()
                  ^^^^^^^^^^^^^^^^

src\tests\test_integration_t05_t06_t07.py:18: 
_ _ _ _ _ _ _ _ _ _ _ _ _ _ _ _ _ _ _ _ _ _ _ _ _ _ _ _ _ _ _ _ _ _ _ _ _ _ _ _
src\db\pool.py:21: in get_pool
    _pool = await asyncpg.create_pool(
..\..\..\..\AppData\Local\Programs\Python\Python314\Lib\site-packages\asyncpg\pool.py:439: in _async__init__
    await self._initialize()
..\..\..\..\AppData\Local\Programs\Python\Python314\Lib\site-packages\asyncpg\pool.py:466: in _initialize
    await first_ch.connect()
..\..\..\..\AppData\Local\Programs\Python\Python314\Lib\site-packages\asyncpg\pool.py:153: in connect
    self._con = await self._pool._get_new_connection()
                ^^^^^^^^^^^^^^^^^^^^^^^^^^^^^^^^^^^^^^
..\..\..\..\AppData\Local\Programs\Python\Python314\Lib\site-packages\asyncpg\pool.py:538: in _get_new_connection
    con = await self._connect(
..\..\..\..\AppData\Local\Programs\Python\Python314\Lib\site-packages\asyncpg\connection.py:2443: in connect
    return await connect_utils._connect(
..\..\..\..\AppData\Local\Programs\Python\Python314\Lib\site-packages\asyncpg\connect_utils.py:1249: in _connect
    raise last_error or exceptions.TargetServerAttributeNotMatched(
..\..\..\..\AppData\Local\Programs\Python\Python314\Lib\site-packages\asyncpg\connect_utils.py:1218: in _connect
    conn = await _connect_addr(
..\..\..\..\AppData\Local\Programs\Python\Python314\Lib\site-packages\asyncpg\connect_utils.py:1054: in _connect_addr
    return await __connect_addr(params, True, *args)
           ^^^^^^^^^^^^^^^^^^^^^^^^^^^^^^^^^^^^^^^^^
..\..\..\..\AppData\Local\Programs\Python\Python314\Lib\site-packages\asyncpg\connect_utils.py:1099: in __connect_addr
    tr, pr = await connector
             ^^^^^^^^^^^^^^^
..\..\..\..\AppData\Local\Programs\Python\Python314\Lib\site-packages\asyncpg\connect_utils.py:969: in _create_ssl_connection
    tr, pr = await loop.create_connection(
..\..\..\..\AppData\Local\Programs\Python\Python314\Lib\asyncio\base_events.py:1173: in create_connection
    raise exceptions[0]
..\..\..\..\AppData\Local\Programs\Python\Python314\Lib\asyncio\base_events.py:1143: in create_connection
    sock = await self._connect_sock(
..\..\..\..\AppData\Local\Programs\Python\Python314\Lib\asyncio\base_events.py:1042: in _connect_sock
    await self.sock_connect(sock, address)
..\..\..\..\AppData\Local\Programs\Python\Python314\Lib\asyncio\proactor_events.py:728: in sock_connect
    return await self._proactor.connect(sock, address)
           ^^^^^^^^^^^^^^^^^^^^^^^^^^^^^^^^^^^^^^^^^^^
..\..\..\..\AppData\Local\Programs\Python\Python314\Lib\asyncio\windows_events.py:804: in _poll
    value = callback(transferred, key, ov)
            ^^^^^^^^^^^^^^^^^^^^^^^^^^^^^^
_ _ _ _ _ _ _ _ _ _ _ _ _ _ _ _ _ _ _ _ _ _ _ _ _ _ _ _ _ _ _ _ _ _ _ _ _ _ _ _

trans = 0, key = 0, ov = <_overlapped.Overlapped object at 0x0000022160E8FC30>

    def finish_connect(trans, key, ov):
>       ov.getresult()
E       ConnectionRefusedError: [WinError 1225] O computador remoto recusou a conexÒo de rede

..\..\..\..\AppData\Local\Programs\Python\Python314\Lib\asyncio\windows_events.py:600: ConnectionRefusedError
=========================== short test summary info ===========================
FAILED src/tests/test_integration_t05_t06_t07.py::test_full_pipeline_cross_integration
============================== 1 failed in 5.05s ==============================
