============================= test session starts =============================
platform win32 -- Python 3.14.3, pytest-9.0.2, pluggy-1.6.0
rootdir: C:\Users\MASTER\OneDrive\Projetos\Gits\maisevplus_webscraping
plugins: anyio-4.13.0, asyncio-1.3.0
asyncio: mode=Mode.STRICT, debug=False, asyncio_default_fixture_loop_scope=None, asyncio_default_test_loop_scope=function
collected 0 items / 1 error

=================================== ERRORS ====================================
________________ ERROR collecting src/tests/test_understat.py _________________
ImportError while importing test module 'C:\Users\MASTER\OneDrive\Projetos\Gits\maisevplus_webscraping\src\tests\test_understat.py'.
Hint: make sure your test modules/packages have valid Python names.
Traceback:
..\..\..\..\AppData\Local\Programs\Python\Python314\Lib\importlib\__init__.py:88: in import_module
    return _bootstrap._gcd_import(name[level:], package, level)
           ^^^^^^^^^^^^^^^^^^^^^^^^^^^^^^^^^^^^^^^^^^^^^^^^^^^^
src\tests\test_understat.py:6: in <module>
    from src.collectors.understat.scraper import UnderstatScraper
src\collectors\understat\__init__.py:7: in <module>
    from .backfill import UnderstatBackfill
src\collectors\understat\backfill.py:18: in <module>
    from ...config import load_leagues_config
E   ImportError: cannot import name 'load_leagues_config' from 'src.config' (unknown location)
=========================== short test summary info ===========================
ERROR src/tests/test_understat.py
!!!!!!!!!!!!!!!!!!! Interrupted: 1 error during collection !!!!!!!!!!!!!!!!!!!!
============================== 1 error in 0.35s ===============================
